# JRE version: OpenJDK Runtime Environment (8.0_202-b03) (build 1.8.0_202-release-1483-b03)
# Java VM: OpenJDK 64-Bit Server VM (25.202-b03 mixed mode windows-amd64 compressed oops)
Heap:
 PSYoungGen      total 476160K, used 242010K [0x00000000e0000000, 0x00000000ffb80000, 0x0000000100000000)
  eden space 435200K, 52% used [0x00000000e0000000,0x00000000ee12e740,0x00000000fa900000)
  from space 40960K, 27% used [0x00000000fa900000,0x00000000fb4281d8,0x00000000fd100000)
  to   space 39424K, 0% used [0x00000000fd500000,0x00000000fd500000,0x00000000ffb80000)
 ParOldGen       total 355840K, used 169016K [0x00000000a0000000, 0x00000000b5b80000, 0x00000000e0000000)
  object space 355840K, 47% used [0x00000000a0000000,0x00000000aa50e2a8,0x00000000b5b80000)
 Metaspace       used 174800K, capacity 184738K, committed 190296K, reserved 1214464K
  class space    used 21733K, capacity 23457K, committed 24448K, reserved 1048576K
GC Heap History (10 events):
Event: 2285.463 GC heap before
{Heap before GC invocations=89 (full 7):
 PSYoungGen      total 466944K, used 434298K [0x00000000e0000000, 0x00000000ff880000, 0x0000000100000000)
  eden space 417280K, 100% used [0x00000000e0000000,0x00000000f9780000,0x00000000f9780000)
  from space 49664K, 34% used [0x00000000f9780000,0x00000000fa81eb70,0x00000000fc800000)
  to   space 46592K, 0% used [0x00000000fcb00000,0x00000000fcb00000,0x00000000ff880000)
 ParOldGen       total 376832K, used 349101K [0x00000000a0000000, 0x00000000b7000000, 0x00000000e0000000)
  object space 376832K, 92% used [0x00000000a0000000,0x00000000b54eb708,0x00000000b7000000)
 Metaspace       used 177747K, capacity 190036K, committed 190296K, reserved 1214464K
  class space    used 22275K, capacity 24380K, committed 24448K, reserved 1048576K
Event: 2285.498 GC heap after
Heap after GC invocations=89 (full 7):
 PSYoungGen      total 472064K, used 12537K [0x00000000e0000000, 0x00000000ff900000, 0x0000000100000000)
  eden space 425472K, 0% used [0x00000000e0000000,0x00000000e0000000,0x00000000f9f80000)
  from space 46592K, 26% used [0x00000000fcb00000,0x00000000fd73e7d8,0x00000000ff880000)
  to   space 44544K, 0% used [0x00000000f9f80000,0x00000000f9f80000,0x00000000fcb00000)
 ParOldGen       total 376832K, used 364661K [0x00000000a0000000, 0x00000000b7000000, 0x00000000e0000000)
  object space 376832K, 96% used [0x00000000a0000000,0x00000000b641d7e8,0x00000000b7000000)
 Metaspace       used 177747K, capacity 190036K, committed 190296K, reserved 1214464K
  class space    used 22275K, capacity 24380K, committed 24448K, reserved 1048576K
}
Event: 2285.498 GC heap before
{Heap before GC invocations=90 (full 8):
 PSYoungGen      total 472064K, used 12537K [0x00000000e0000000, 0x00000000ff900000, 0x0000000100000000)
  eden space 425472K, 0% used [0x00000000e0000000,0x00000000e0000000,0x00000000f9f80000)
  from space 46592K, 26% used [0x00000000fcb00000,0x00000000fd73e7d8,0x00000000ff880000)
  to   space 44544K, 0% used [0x00000000f9f80000,0x00000000f9f80000,0x00000000fcb00000)
 ParOldGen       total 376832K, used 364661K [0x00000000a0000000, 0x00000000b7000000, 0x00000000e0000000)
  object space 376832K, 96% used [0x00000000a0000000,0x00000000b641d7e8,0x00000000b7000000)
 Metaspace       used 177747K, capacity 190036K, committed 190296K, reserved 1214464K
  class space    used 22275K, capacity 24380K, committed 24448K, reserved 1048576K
Event: 2286.021 GC heap after
Heap after GC invocations=90 (full 8):
 PSYoungGen      total 472064K, used 0K [0x00000000e0000000, 0x00000000ff900000, 0x0000000100000000)
  eden space 425472K, 0% used [0x00000000e0000000,0x00000000e0000000,0x00000000f9f80000)
  from space 46592K, 0% used [0x00000000fcb00000,0x00000000fcb00000,0x00000000ff880000)
  to   space 44544K, 0% used [0x00000000f9f80000,0x00000000f9f80000,0x00000000fcb00000)
 ParOldGen       total 355840K, used 150834K [0x00000000a0000000, 0x00000000b5b80000, 0x00000000e0000000)
  object space 355840K, 42% used [0x00000000a0000000,0x00000000a934ca20,0x00000000b5b80000)
 Metaspace       used 174755K, capacity 184668K, committed 190296K, reserved 1214464K
  class space    used 21732K, capacity 23456K, committed 24448K, reserved 1048576K
}
Event: 2286.641 GC heap before
{Heap before GC invocations=91 (full 8):
 PSYoungGen      total 472064K, used 425472K [0x00000000e0000000, 0x00000000ff900000, 0x0000000100000000)
  eden space 425472K, 100% used [0x00000000e0000000,0x00000000f9f80000,0x00000000f9f80000)
  from space 46592K, 0% used [0x00000000fcb00000,0x00000000fcb00000,0x00000000ff880000)
  to   space 44544K, 0% used [0x00000000f9f80000,0x00000000f9f80000,0x00000000fcb00000)
 ParOldGen       total 355840K, used 150834K [0x00000000a0000000, 0x00000000b5b80000, 0x00000000e0000000)
  object space 355840K, 42% used [0x00000000a0000000,0x00000000a934ca20,0x00000000b5b80000)
 Metaspace       used 174764K, capacity 184732K, committed 190296K, reserved 1214464K
  class space    used 21732K, capacity 23456K, committed 24448K, reserved 1048576K
Event: 2286.662 GC heap after
Heap after GC invocations=91 (full 8):
 PSYoungGen      total 470016K, used 11218K [0x00000000e0000000, 0x00000000ffb00000, 0x0000000100000000)
  eden space 425472K, 0% used [0x00000000e0000000,0x00000000e0000000,0x00000000f9f80000)
  from space 44544K, 25% used [0x00000000f9f80000,0x00000000faa74818,0x00000000fcb00000)
  to   space 43008K, 0% used [0x00000000fd100000,0x00000000fd100000,0x00000000ffb00000)
 ParOldGen       total 355840K, used 150834K [0x00000000a0000000, 0x00000000b5b80000, 0x00000000e0000000)
  object space 355840K, 42% used [0x00000000a0000000,0x00000000a934ca20,0x00000000b5b80000)
 Metaspace       used 174764K, capacity 184732K, committed 190296K, reserved 1214464K
  class space    used 21732K, capacity 23456K, committed 24448K, reserved 1048576K
}
Event: 2287.373 GC heap before
{Heap before GC invocations=92 (full 8):
 PSYoungGen      total 470016K, used 436690K [0x00000000e0000000, 0x00000000ffb00000, 0x0000000100000000)
  eden space 425472K, 100% used [0x00000000e0000000,0x00000000f9f80000,0x00000000f9f80000)
  from space 44544K, 25% used [0x00000000f9f80000,0x00000000faa74818,0x00000000fcb00000)
  to   space 43008K, 0% used [0x00000000fd100000,0x00000000fd100000,0x00000000ffb00000)
 ParOldGen       total 355840K, used 150834K [0x00000000a0000000, 0x00000000b5b80000, 0x00000000e0000000)
  object space 355840K, 42% used [0x00000000a0000000,0x00000000a934ca20,0x00000000b5b80000)
 Metaspace       used 174770K, capacity 184738K, committed 190296K, reserved 1214464K
  class space    used 21733K, capacity 23457K, committed 24448K, reserved 1048576K
Event: 2287.392 GC heap after
Heap after GC invocations=92 (full 8):
 PSYoungGen      total 477696K, used 14180K [0x00000000e0000000, 0x00000000ffa80000, 0x0000000100000000)
  eden space 435200K, 0% used [0x00000000e0000000,0x00000000e0000000,0x00000000fa900000)
  from space 42496K, 33% used [0x00000000fd100000,0x00000000fded92f0,0x00000000ffa80000)
  to   space 40960K, 0% used [0x00000000fa900000,0x00000000fa900000,0x00000000fd100000)
 ParOldGen       total 355840K, used 160396K [0x00000000a0000000, 0x00000000b5b80000, 0x00000000e0000000)
  object space 355840K, 45% used [0x00000000a0000000,0x00000000a9ca3228,0x00000000b5b80000)
 Metaspace       used 174770K, capacity 184738K, committed 190296K, reserved 1214464K
  class space    used 21733K, capacity 23457K, committed 24448K, reserved 1048576K
}
Event: 2288.233 GC heap before
{Heap before GC invocations=93 (full 8):
 PSYoungGen      total 477696K, used 449380K [0x00000000e0000000, 0x00000000ffa80000, 0x0000000100000000)
  eden space 435200K, 100% used [0x00000000e0000000,0x00000000fa900000,0x00000000fa900000)
  from space 42496K, 33% used [0x00000000fd100000,0x00000000fded92f0,0x00000000ffa80000)
  to   space 40960K, 0% used [0x00000000fa900000,0x00000000fa900000,0x00000000fd100000)
 ParOldGen       total 355840K, used 160396K [0x00000000a0000000, 0x00000000b5b80000, 0x00000000e0000000)
  object space 355840K, 45% used [0x00000000a0000000,0x00000000a9ca3228,0x00000000b5b80000)
 Metaspace       used 174796K, capacity 184738K, committed 190296K, reserved 1214464K
  class space    used 21733K, capacity 23457K, committed 24448K, reserved 1048576K
Event: 2288.256 GC heap after
Heap after GC invocations=93 (full 8):
 PSYoungGen      total 476160K, used 11424K [0x00000000e0000000, 0x00000000ffb80000, 0x0000000100000000)
  eden space 435200K, 0% used [0x00000000e0000000,0x00000000e0000000,0x00000000fa900000)
  from space 40960K, 27% used [0x00000000fa900000,0x00000000fb4281d8,0x00000000fd100000)
  to   space 39424K, 0% used [0x00000000fd500000,0x00000000fd500000,0x00000000ffb80000)
 ParOldGen       total 355840K, used 169016K [0x00000000a0000000, 0x00000000b5b80000, 0x00000000e0000000)
  object space 355840K, 47% used [0x00000000a0000000,0x00000000aa50e2a8,0x00000000b5b80000)
 Metaspace       used 174796K, capacity 184738K, committed 190296K, reserved 1214464K
  class space    used 21733K, capacity 23457K, committed 24448K, reserved 1048576K
}

